<?xml version="1.0" encoding="UTF-8"?>
<!-- Generated by org.testng.reporters.JUnitReportReporter -->
<testsuite hostname="LAPTOP-662AOCVM" failures="0" tests="2" name="practice.SeleniumJava" time="0.004" errors="0" timestamp="2025-06-12T12:05:54 IST" skipped="0">
  <testcase classname="practice.SeleniumJava" name="seleniumTest1" time="0.002"/>
  <testcase classname="practice.SeleniumJava" name="seleniumTest2" time="0.002"/>
</testsuite> <!-- practice.SeleniumJava -->
