<?xml version="1.0" encoding="UTF-8"?>
<!-- Generated by org.testng.reporters.JUnitReportReporter -->
<testsuite hostname="LAPTOP-662AOCVM" failures="0" tests="2" name="practice.RestAssuredJava" time="0.015" errors="0" timestamp="2025-06-12T12:05:54 IST" skipped="0">
  <testcase classname="practice.RestAssuredJava" name="restAssuredTest1" time="0.012"/>
  <testcase classname="practice.RestAssuredJava" name="restAssuredTest2" time="0.003"/>
</testsuite> <!-- practice.RestAssuredJava -->
